build/app/intermediates/manifest_merge_blame_file/release/manifest-merger-blame-release-report.txt
1<?xml version="1.0" encoding="utf-8"?>
2<manifest xmlns:android="http://schemas.android.com/apk/res/android"
3    package="com.cabme.driver"
4    android:versionCode="1"
5    android:versionName="1.0.0" >
6
7    <uses-sdk
8        android:minSdkVersion="26"
8-->src\main\AndroidManifest.xml
9        android:targetSdkVersion="34" />
9-->src\main\AndroidManifest.xml
10
11    <uses-permission android:name="android.permission.FOREGROUND_SERVICE" />
11-->src\main\AndroidManifest.xml:4:5-77
11-->src\main\AndroidManifest.xml:4:22-74
12    <uses-permission android:name="android.permission.ACCESS_BACKGROUND_LOCATION" />
12-->src\main\AndroidManifest.xml:5:5-85
12-->src\main\AndroidManifest.xml:5:22-82
13    <uses-permission android:name="android.permission.ACCESS_FINE_LOCATION" />
13-->src\main\AndroidManifest.xml:6:5-79
13-->src\main\AndroidManifest.xml:6:22-76
14    <uses-permission android:name="android.permission.ACCESS_COARSE_LOCATION" />
14-->src\main\AndroidManifest.xml:7:5-81
14-->src\main\AndroidManifest.xml:7:22-78
15    <uses-permission android:name="android.permission.INTERNET" />
15-->src\main\AndroidManifest.xml:8:5-67
15-->src\main\AndroidManifest.xml:8:22-64
16    <uses-permission android:name="android.permission.QUERY_ALL_PACKAGES" />
16-->src\main\AndroidManifest.xml:9:5-11:53
16-->src\main\AndroidManifest.xml:10:9-61
17
18    <queries>
18-->src\main\AndroidManifest.xml:14:5-30:15
19        <intent>
19-->src\main\AndroidManifest.xml:15:9-19:18
20            <action android:name="android.intent.action.VIEW" />
20-->src\main\AndroidManifest.xml:16:13-65
20-->src\main\AndroidManifest.xml:16:21-62
21
22            <category android:name="android.intent.category.BROWSABLE" />
22-->src\main\AndroidManifest.xml:17:13-74
22-->src\main\AndroidManifest.xml:17:23-71
23
24            <data android:scheme="https" />
24-->src\main\AndroidManifest.xml:18:13-44
24-->src\main\AndroidManifest.xml:18:19-41
25        </intent>
26        <!-- If your app checks for SMS support -->
27        <intent>
27-->src\main\AndroidManifest.xml:21:9-24:18
28            <action android:name="android.intent.action.VIEW" />
28-->src\main\AndroidManifest.xml:16:13-65
28-->src\main\AndroidManifest.xml:16:21-62
29
30            <data android:scheme="sms" />
30-->src\main\AndroidManifest.xml:18:13-44
30-->src\main\AndroidManifest.xml:18:19-41
31        </intent>
32        <!-- If your app checks for call support -->
33        <intent>
33-->src\main\AndroidManifest.xml:26:9-29:18
34            <action android:name="android.intent.action.VIEW" />
34-->src\main\AndroidManifest.xml:16:13-65
34-->src\main\AndroidManifest.xml:16:21-62
35
36            <data android:scheme="tel" />
36-->src\main\AndroidManifest.xml:18:13-44
36-->src\main\AndroidManifest.xml:18:19-41
37        </intent>
38        <intent>
38-->[:file_picker] AndroidManifest.xml:12:9-16:18
39            <action android:name="android.intent.action.GET_CONTENT" />
39-->[:file_picker] AndroidManifest.xml:13:13-72
39-->[:file_picker] AndroidManifest.xml:13:21-69
40
41            <data android:mimeType="*/*" />
41-->src\main\AndroidManifest.xml:18:13-44
42        </intent>
43        <intent>
43-->[:flutter_inappwebview] AndroidManifest.xml:8:9-10:18
44            <action android:name="android.support.customtabs.action.CustomTabsService" />
44-->[:flutter_inappwebview] AndroidManifest.xml:9:13-90
44-->[:flutter_inappwebview] AndroidManifest.xml:9:21-87
45        </intent>
46
47        <package android:name="com.google.android.apps.maps" />
47-->[:map_launcher] AndroidManifest.xml:8:9-64
47-->[:map_launcher] AndroidManifest.xml:8:18-61
48        <package android:name="com.google.android.apps.mapslite" />
48-->[:map_launcher] AndroidManifest.xml:9:9-68
48-->[:map_launcher] AndroidManifest.xml:9:18-65
49        <package android:name="com.autonavi.minimap" />
49-->[:map_launcher] AndroidManifest.xml:10:9-56
49-->[:map_launcher] AndroidManifest.xml:10:18-53
50        <package android:name="com.baidu.BaiduMap" />
50-->[:map_launcher] AndroidManifest.xml:11:9-54
50-->[:map_launcher] AndroidManifest.xml:11:18-51
51        <package android:name="com.waze" />
51-->[:map_launcher] AndroidManifest.xml:12:9-44
51-->[:map_launcher] AndroidManifest.xml:12:18-41
52        <package android:name="ru.yandex.yandexnavi" />
52-->[:map_launcher] AndroidManifest.xml:13:9-56
52-->[:map_launcher] AndroidManifest.xml:13:18-53
53        <package android:name="ru.yandex.yandexmaps" />
53-->[:map_launcher] AndroidManifest.xml:14:9-56
53-->[:map_launcher] AndroidManifest.xml:14:18-53
54        <package android:name="com.citymapper.app.release" />
54-->[:map_launcher] AndroidManifest.xml:15:9-62
54-->[:map_launcher] AndroidManifest.xml:15:18-59
55        <package android:name="com.mapswithme.maps.pro" />
55-->[:map_launcher] AndroidManifest.xml:16:9-59
55-->[:map_launcher] AndroidManifest.xml:16:18-56
56        <package android:name="net.osmand" />
56-->[:map_launcher] AndroidManifest.xml:17:9-46
56-->[:map_launcher] AndroidManifest.xml:17:18-43
57        <package android:name="net.osmand.plus" />
57-->[:map_launcher] AndroidManifest.xml:18:9-51
57-->[:map_launcher] AndroidManifest.xml:18:18-48
58        <package android:name="ru.dublgis.dgismobile" />
58-->[:map_launcher] AndroidManifest.xml:19:9-57
58-->[:map_launcher] AndroidManifest.xml:19:18-54
59        <package android:name="com.tencent.map" />
59-->[:map_launcher] AndroidManifest.xml:20:9-51
59-->[:map_launcher] AndroidManifest.xml:20:18-48
60        <package android:name="com.here.app.maps" />
60-->[:map_launcher] AndroidManifest.xml:21:9-53
60-->[:map_launcher] AndroidManifest.xml:21:18-50
61        <package android:name="com.huawei.maps.app" />
61-->[:map_launcher] AndroidManifest.xml:22:9-55
61-->[:map_launcher] AndroidManifest.xml:22:18-52
62        <package android:name="com.alk.copilot.mapviewer" />
62-->[:map_launcher] AndroidManifest.xml:23:9-61
62-->[:map_launcher] AndroidManifest.xml:23:18-58
63        <package android:name="com.tomtom.gplay.navapp" />
63-->[:map_launcher] AndroidManifest.xml:24:9-59
63-->[:map_launcher] AndroidManifest.xml:24:18-56
64        <package android:name="com.tomtom.gplay.navapp.gofleet" />
64-->[:map_launcher] AndroidManifest.xml:25:9-67
64-->[:map_launcher] AndroidManifest.xml:25:18-64
65        <package android:name="com.sygic.truck" />
65-->[:map_launcher] AndroidManifest.xml:26:9-51
65-->[:map_launcher] AndroidManifest.xml:26:18-48
66        <package android:name="nl.flitsmeister" />
66-->[:map_launcher] AndroidManifest.xml:27:9-51
66-->[:map_launcher] AndroidManifest.xml:27:18-48
67        <package android:name="nl.flitsmeister.flux" />
67-->[:map_launcher] AndroidManifest.xml:28:9-56
67-->[:map_launcher] AndroidManifest.xml:28:18-53
68        <package android:name="com.nhn.android.nmap" />
68-->[:map_launcher] AndroidManifest.xml:29:9-56
68-->[:map_launcher] AndroidManifest.xml:29:18-53
69        <package android:name="net.daum.android.map" />
69-->[:map_launcher] AndroidManifest.xml:30:9-56
69-->[:map_launcher] AndroidManifest.xml:30:18-53
70        <package android:name="com.skt.tmap.ku" />
70-->[:map_launcher] AndroidManifest.xml:31:9-51
70-->[:map_launcher] AndroidManifest.xml:31:18-48
71        <package android:name="cz.seznam.mapy" />
71-->[:map_launcher] AndroidManifest.xml:32:9-50
71-->[:map_launcher] AndroidManifest.xml:32:18-47
72        <package android:name="com.tencent.mm" /> <!-- Added to check if Chrome is installed for browser-based payment authentication (e.g. 3DS1). -->
72-->[com.stripe:stripe-wechatpay:20.16.0] AndroidManifest.xml:14:9-50
72-->[com.stripe:stripe-wechatpay:20.16.0] AndroidManifest.xml:14:18-47
73        <package android:name="com.android.chrome" /> <!-- Added to check the default browser that will host the AuthFlow. -->
73-->[com.stripe:payments-core:20.37.4] AndroidManifest.xml:11:9-54
73-->[com.stripe:payments-core:20.37.4] AndroidManifest.xml:11:18-51
74        <intent>
74-->[com.stripe:financial-connections:20.37.4] AndroidManifest.xml:13:9-17:18
75            <action android:name="android.intent.action.VIEW" />
75-->src\main\AndroidManifest.xml:16:13-65
75-->src\main\AndroidManifest.xml:16:21-62
76
77            <data android:scheme="http" />
77-->src\main\AndroidManifest.xml:18:13-44
77-->src\main\AndroidManifest.xml:18:19-41
78        </intent> <!-- Specific apps you interact with, eg: -->
79        <package android:name="com.paytm.pgsdk.TransactionManager.PAYTM_APP_PACKAGE" />
79-->[com.paytm.appinvokesdk:appinvokesdk:1.6.15] AndroidManifest.xml:12:9-88
79-->[com.paytm.appinvokesdk:appinvokesdk:1.6.15] AndroidManifest.xml:12:18-85
80        <!--
81             Specific intents you query for,
82             eg: for a custom share UI
83        -->
84        <intent>
84-->[com.paytm.appinvokesdk:appinvokesdk:1.6.15] AndroidManifest.xml:17:9-19:18
85            <action android:name="android.intent.action.MAIN" />
85-->src\main\AndroidManifest.xml:55:17-69
85-->src\main\AndroidManifest.xml:55:25-66
86        </intent>
87        <intent>
87-->[com.razorpay:checkout:1.6.38] AndroidManifest.xml:11:9-17:18
88            <action android:name="android.intent.action.VIEW" />
88-->src\main\AndroidManifest.xml:16:13-65
88-->src\main\AndroidManifest.xml:16:21-62
89
90            <data
90-->src\main\AndroidManifest.xml:18:13-44
91                android:mimeType="*/*"
92                android:scheme="*" />
92-->src\main\AndroidManifest.xml:18:19-41
93        </intent>
94        <intent>
94-->[com.razorpay:checkout:1.6.38] AndroidManifest.xml:18:9-27:18
95            <action android:name="android.intent.action.VIEW" />
95-->src\main\AndroidManifest.xml:16:13-65
95-->src\main\AndroidManifest.xml:16:21-62
96
97            <category android:name="android.intent.category.BROWSABLE" />
97-->src\main\AndroidManifest.xml:17:13-74
97-->src\main\AndroidManifest.xml:17:23-71
98
99            <data
99-->src\main\AndroidManifest.xml:18:13-44
100                android:host="pay"
101                android:mimeType="*/*"
102                android:scheme="upi" />
102-->src\main\AndroidManifest.xml:18:19-41
103        </intent>
104        <intent>
104-->[com.razorpay:checkout:1.6.38] AndroidManifest.xml:31:9-35:18
105            <action android:name="android.intent.action.SEND" />
105-->[com.razorpay:checkout:1.6.38] AndroidManifest.xml:32:13-65
105-->[com.razorpay:checkout:1.6.38] AndroidManifest.xml:32:21-62
106
107            <data android:mimeType="*/*" />
107-->src\main\AndroidManifest.xml:18:13-44
108        </intent>
109        <intent>
109-->[com.razorpay:checkout:1.6.38] AndroidManifest.xml:36:9-38:18
110            <action android:name="rzp.device_token.share" />
110-->[com.razorpay:checkout:1.6.38] AndroidManifest.xml:37:13-61
110-->[com.razorpay:checkout:1.6.38] AndroidManifest.xml:37:21-58
111        </intent>
112    </queries>
113
114    <uses-permission android:name="android.permission.WAKE_LOCK" />
114-->[:firebase_messaging] AndroidManifest.xml:8:5-68
114-->[:firebase_messaging] AndroidManifest.xml:8:22-65
115    <uses-permission android:name="android.permission.ACCESS_NETWORK_STATE" /> <!-- Permissions options for the `notification` group -->
115-->[:firebase_messaging] AndroidManifest.xml:9:5-79
115-->[:firebase_messaging] AndroidManifest.xml:9:22-76
116    <uses-permission android:name="android.permission.POST_NOTIFICATIONS" />
116-->[:firebase_messaging] AndroidManifest.xml:11:5-77
116-->[:firebase_messaging] AndroidManifest.xml:11:22-74
117    <uses-permission android:name="android.permission.VIBRATE" />
117-->[:flutter_local_notifications] AndroidManifest.xml:7:5-66
117-->[:flutter_local_notifications] AndroidManifest.xml:7:22-63
118    <uses-permission
118-->[:file_picker] AndroidManifest.xml:7:5-9:38
119        android:name="android.permission.READ_EXTERNAL_STORAGE"
119-->[:file_picker] AndroidManifest.xml:8:9-64
120        android:maxSdkVersion="32" />
120-->[:file_picker] AndroidManifest.xml:9:9-35
121    <uses-permission android:name="android.permission.WRITE_EXTERNAL_STORAGE" /> <!-- Required by older versions of Google Play services to create IID tokens -->
121-->[:video_compress] AndroidManifest.xml:7:5-81
121-->[:video_compress] AndroidManifest.xml:7:22-78
122    <uses-permission android:name="com.google.android.c2dm.permission.RECEIVE" />
122-->[com.google.firebase:firebase-messaging:23.4.1] AndroidManifest.xml:26:5-82
122-->[com.google.firebase:firebase-messaging:23.4.1] AndroidManifest.xml:26:22-79
123    <uses-permission android:name="com.google.android.gms.permission.AD_ID" />
123-->[com.google.android.gms:play-services-measurement-api:21.6.1] AndroidManifest.xml:25:5-79
123-->[com.google.android.gms:play-services-measurement-api:21.6.1] AndroidManifest.xml:25:22-76
124    <uses-permission android:name="android.permission.ACCESS_ADSERVICES_ATTRIBUTION" />
124-->[com.google.android.gms:play-services-measurement-api:21.6.1] AndroidManifest.xml:26:5-88
124-->[com.google.android.gms:play-services-measurement-api:21.6.1] AndroidManifest.xml:26:22-85
125    <uses-permission android:name="android.permission.ACCESS_ADSERVICES_AD_ID" />
125-->[com.google.android.gms:play-services-measurement-api:21.6.1] AndroidManifest.xml:27:5-82
125-->[com.google.android.gms:play-services-measurement-api:21.6.1] AndroidManifest.xml:27:22-79
126    <uses-permission android:name="com.google.android.providers.gsf.permission.READ_GSERVICES" />
126-->[com.google.android.recaptcha:recaptcha:18.4.0] AndroidManifest.xml:9:5-98
126-->[com.google.android.recaptcha:recaptcha:18.4.0] AndroidManifest.xml:9:22-95
127    <uses-permission android:name="com.google.android.finsky.permission.BIND_GET_INSTALL_REFERRER_SERVICE" />
127-->[com.google.android.gms:play-services-measurement:21.6.1] AndroidManifest.xml:26:5-110
127-->[com.google.android.gms:play-services-measurement:21.6.1] AndroidManifest.xml:26:22-107
128
129    <uses-feature
129-->[com.google.android.gms:play-services-maps:18.2.0] AndroidManifest.xml:26:5-28:35
130        android:glEsVersion="0x00020000"
130-->[com.google.android.gms:play-services-maps:18.2.0] AndroidManifest.xml:27:9-41
131        android:required="true" />
131-->[com.google.android.gms:play-services-maps:18.2.0] AndroidManifest.xml:28:9-32
132
133    <uses-permission android:name="android.permission.USE_BIOMETRIC" /> <!-- suppress DeprecatedClassUsageInspection -->
133-->[androidx.biometric:biometric:1.2.0-alpha03] AndroidManifest.xml:24:5-72
133-->[androidx.biometric:biometric:1.2.0-alpha03] AndroidManifest.xml:24:22-69
134    <uses-permission android:name="android.permission.USE_FINGERPRINT" />
134-->[androidx.biometric:biometric:1.2.0-alpha03] AndroidManifest.xml:27:5-74
134-->[androidx.biometric:biometric:1.2.0-alpha03] AndroidManifest.xml:27:22-71
135
136    <permission
136-->[androidx.core:core:1.12.0] AndroidManifest.xml:22:5-24:47
137        android:name="com.cabme.driver.DYNAMIC_RECEIVER_NOT_EXPORTED_PERMISSION"
137-->[androidx.core:core:1.12.0] AndroidManifest.xml:23:9-81
138        android:protectionLevel="signature" />
138-->[androidx.core:core:1.12.0] AndroidManifest.xml:24:9-44
139
140    <uses-permission android:name="com.cabme.driver.DYNAMIC_RECEIVER_NOT_EXPORTED_PERMISSION" />
140-->[androidx.core:core:1.12.0] AndroidManifest.xml:26:5-97
140-->[androidx.core:core:1.12.0] AndroidManifest.xml:26:22-94
141
142    <application
143        android:name="android.app.Application"
143-->src\main\AndroidManifest.xml:34:9-42
144        android:allowBackup="true"
144-->[com.paypal.checkout:android-sdk:1.2.0] AndroidManifest.xml:15:9-35
145        android:appComponentFactory="androidx.core.app.CoreComponentFactory"
145-->[androidx.core:core:1.12.0] AndroidManifest.xml:28:18-86
146        android:extractNativeLibs="false"
147        android:icon="@mipmap/ic_launcher"
147-->src\main\AndroidManifest.xml:35:9-43
148        android:label="Urgent Taxi"
148-->src\main\AndroidManifest.xml:36:9-36
149        android:supportsRtl="true" >
149-->[com.paypal.checkout:android-sdk:1.2.0] AndroidManifest.xml:16:9-35
150        <activity
150-->src\main\AndroidManifest.xml:38:9-67:20
151            android:name="com.cabme.driver.MainActivity"
151-->src\main\AndroidManifest.xml:39:13-57
152            android:configChanges="orientation|keyboardHidden|keyboard|screenSize|smallestScreenSize|locale|layoutDirection|fontScale|screenLayout|density|uiMode"
152-->src\main\AndroidManifest.xml:40:13-163
153            android:exported="true"
153-->src\main\AndroidManifest.xml:41:13-36
154            android:hardwareAccelerated="true"
154-->src\main\AndroidManifest.xml:42:13-47
155            android:launchMode="singleTop"
155-->src\main\AndroidManifest.xml:43:13-43
156            android:theme="@style/LaunchTheme"
156-->src\main\AndroidManifest.xml:44:13-47
157            android:windowSoftInputMode="adjustResize" >
157-->src\main\AndroidManifest.xml:45:13-55
158
159            <!--
160                 Specifies an Android theme to apply to this Activity as soon as
161                 the Android process has started. This theme is visible to the user
162                 while the Flutter UI initializes. After that, this theme continues
163                 to determine the Window background behind the Flutter UI.
164            -->
165            <meta-data
165-->src\main\AndroidManifest.xml:50:13-52:57
166                android:name="io.flutter.embedding.android.NormalTheme"
166-->src\main\AndroidManifest.xml:51:17-72
167                android:resource="@style/NormalTheme" />
167-->src\main\AndroidManifest.xml:52:17-54
168
169            <intent-filter>
169-->src\main\AndroidManifest.xml:54:13-57:29
170                <action android:name="android.intent.action.MAIN" />
170-->src\main\AndroidManifest.xml:55:17-69
170-->src\main\AndroidManifest.xml:55:25-66
171
172                <category android:name="android.intent.category.LAUNCHER" />
172-->src\main\AndroidManifest.xml:56:17-77
172-->src\main\AndroidManifest.xml:56:27-74
173            </intent-filter>
174            <intent-filter>
174-->src\main\AndroidManifest.xml:59:13-62:29
175                <action android:name="FLUTTER_NOTIFICATION_CLICK" />
175-->src\main\AndroidManifest.xml:60:17-69
175-->src\main\AndroidManifest.xml:60:25-66
176
177                <category android:name="android.intent.category.DEFAULT" />
177-->src\main\AndroidManifest.xml:61:17-76
177-->src\main\AndroidManifest.xml:61:27-73
178            </intent-filter>
179            <intent-filter>
179-->src\main\AndroidManifest.xml:64:13-66:29
180                <action android:name="com.google.firebase.MESSAGING_EVENT" />
180-->src\main\AndroidManifest.xml:65:17-78
180-->src\main\AndroidManifest.xml:65:25-75
181            </intent-filter>
182        </activity>
183
184        <!--
185             Don't delete the meta-data below.
186             This is used by the Flutter tool to generate GeneratedPluginRegistrant.java
187        -->
188        <meta-data
188-->src\main\AndroidManifest.xml:72:9-74:33
189            android:name="flutterEmbedding"
189-->src\main\AndroidManifest.xml:73:13-44
190            android:value="2" />
190-->src\main\AndroidManifest.xml:74:13-30
191        <!--
192             <meta-data
193            android:name="com.google.android.geo.API_KEY"
194            android:value="Replace with your API key" />
195        -->
196
197        <meta-data
197-->src\main\AndroidManifest.xml:79:9-81:44
198            android:name="com.google.firebase.messaging.default_notification_channel_id"
198-->src\main\AndroidManifest.xml:80:13-89
199            android:value="cabme-driver" />
199-->src\main\AndroidManifest.xml:81:13-41
200        <meta-data
200-->src\main\AndroidManifest.xml:82:9-84:54
201            android:name="com.google.firebase.messaging.default_notification_icon"
201-->src\main\AndroidManifest.xml:83:13-83
202            android:resource="@mipmap/ic_launcher" />
202-->src\main\AndroidManifest.xml:84:13-51
203
204        <service
204-->src\main\AndroidManifest.xml:86:9-92:19
205            android:name="com.example.app.backgroundService"
205-->src\main\AndroidManifest.xml:87:13-61
206            android:exported="false" >
206-->src\main\AndroidManifest.xml:88:13-37
207            <intent-filter>
207-->src\main\AndroidManifest.xml:89:13-91:29
208                <action android:name="com.example.app.START_BACKGROUND" />
208-->src\main\AndroidManifest.xml:90:17-75
208-->src\main\AndroidManifest.xml:90:25-72
209            </intent-filter>
210        </service>
211
212        <receiver
212-->src\main\AndroidManifest.xml:93:9-95:40
213            android:name="com.dexterous.flutterlocalnotifications.ScheduledNotificationBootReceiver"
213-->src\main\AndroidManifest.xml:94:13-101
214            android:exported="false" />
214-->src\main\AndroidManifest.xml:95:13-37
215
216        <service
216-->[:firebase_messaging] AndroidManifest.xml:14:9-17:72
217            android:name="io.flutter.plugins.firebase.messaging.FlutterFirebaseMessagingBackgroundService"
217-->[:firebase_messaging] AndroidManifest.xml:15:13-107
218            android:exported="false"
218-->[:firebase_messaging] AndroidManifest.xml:16:13-37
219            android:permission="android.permission.BIND_JOB_SERVICE" />
219-->[:firebase_messaging] AndroidManifest.xml:17:13-69
220        <service
220-->[:firebase_messaging] AndroidManifest.xml:18:9-24:19
221            android:name="io.flutter.plugins.firebase.messaging.FlutterFirebaseMessagingService"
221-->[:firebase_messaging] AndroidManifest.xml:19:13-97
222            android:exported="false" >
222-->[:firebase_messaging] AndroidManifest.xml:20:13-37
223            <intent-filter>
223-->src\main\AndroidManifest.xml:64:13-66:29
224                <action android:name="com.google.firebase.MESSAGING_EVENT" />
224-->src\main\AndroidManifest.xml:65:17-78
224-->src\main\AndroidManifest.xml:65:25-75
225            </intent-filter>
226        </service>
227
228        <receiver
228-->[:firebase_messaging] AndroidManifest.xml:26:9-33:20
229            android:name="io.flutter.plugins.firebase.messaging.FlutterFirebaseMessagingReceiver"
229-->[:firebase_messaging] AndroidManifest.xml:27:13-98
230            android:exported="true"
230-->[:firebase_messaging] AndroidManifest.xml:28:13-36
231            android:permission="com.google.android.c2dm.permission.SEND" >
231-->[:firebase_messaging] AndroidManifest.xml:29:13-73
232            <intent-filter>
232-->[:firebase_messaging] AndroidManifest.xml:30:13-32:29
233                <action android:name="com.google.android.c2dm.intent.RECEIVE" />
233-->[:firebase_messaging] AndroidManifest.xml:31:17-81
233-->[:firebase_messaging] AndroidManifest.xml:31:25-78
234            </intent-filter>
235        </receiver>
236
237        <service
237-->[:firebase_messaging] AndroidManifest.xml:35:9-39:19
238            android:name="com.google.firebase.components.ComponentDiscoveryService"
238-->[:firebase_messaging] AndroidManifest.xml:35:18-89
239            android:directBootAware="true"
239-->[com.google.firebase:firebase-common:20.4.3] AndroidManifest.xml:32:13-43
240            android:exported="false" >
240-->[com.google.firebase:firebase-analytics-ktx:21.6.1] AndroidManifest.xml:10:13-37
241            <meta-data
241-->[:firebase_messaging] AndroidManifest.xml:36:13-38:85
242                android:name="com.google.firebase.components:io.flutter.plugins.firebase.messaging.FlutterFirebaseAppRegistrar"
242-->[:firebase_messaging] AndroidManifest.xml:37:17-128
243                android:value="com.google.firebase.components.ComponentRegistrar" />
243-->[:firebase_messaging] AndroidManifest.xml:38:17-82
244            <meta-data
244-->[:cloud_firestore] AndroidManifest.xml:9:13-11:85
245                android:name="com.google.firebase.components:io.flutter.plugins.firebase.firestore.FlutterFirebaseFirestoreRegistrar"
245-->[:cloud_firestore] AndroidManifest.xml:10:17-134
246                android:value="com.google.firebase.components.ComponentRegistrar" />
246-->[:cloud_firestore] AndroidManifest.xml:11:17-82
247            <meta-data
247-->[:firebase_auth] AndroidManifest.xml:9:13-11:85
248                android:name="com.google.firebase.components:io.flutter.plugins.firebase.auth.FlutterFirebaseAuthRegistrar"
248-->[:firebase_auth] AndroidManifest.xml:10:17-124
249                android:value="com.google.firebase.components.ComponentRegistrar" />
249-->[:firebase_auth] AndroidManifest.xml:11:17-82
250            <meta-data
250-->[:firebase_storage] AndroidManifest.xml:9:13-11:85
251                android:name="com.google.firebase.components:io.flutter.plugins.firebase.storage.FlutterFirebaseAppRegistrar"
251-->[:firebase_storage] AndroidManifest.xml:10:17-126
252                android:value="com.google.firebase.components.ComponentRegistrar" />
252-->[:firebase_storage] AndroidManifest.xml:11:17-82
253            <meta-data
253-->[:firebase_core] AndroidManifest.xml:9:13-11:85
254                android:name="com.google.firebase.components:io.flutter.plugins.firebase.core.FlutterFirebaseCoreRegistrar"
254-->[:firebase_core] AndroidManifest.xml:10:17-124
255                android:value="com.google.firebase.components.ComponentRegistrar" />
255-->[:firebase_core] AndroidManifest.xml:11:17-82
256            <meta-data
256-->[com.google.firebase:firebase-analytics-ktx:21.6.1] AndroidManifest.xml:11:13-13:85
257                android:name="com.google.firebase.components:com.google.firebase.analytics.ktx.FirebaseAnalyticsLegacyRegistrar"
257-->[com.google.firebase:firebase-analytics-ktx:21.6.1] AndroidManifest.xml:12:17-129
258                android:value="com.google.firebase.components.ComponentRegistrar" />
258-->[com.google.firebase:firebase-analytics-ktx:21.6.1] AndroidManifest.xml:13:17-82
259            <meta-data
259-->[com.google.firebase:firebase-auth-ktx:22.3.1] AndroidManifest.xml:11:13-13:85
260                android:name="com.google.firebase.components:com.google.firebase.auth.ktx.FirebaseAuthLegacyRegistrar"
260-->[com.google.firebase:firebase-auth-ktx:22.3.1] AndroidManifest.xml:12:17-119
261                android:value="com.google.firebase.components.ComponentRegistrar" />
261-->[com.google.firebase:firebase-auth-ktx:22.3.1] AndroidManifest.xml:13:17-82
262            <meta-data
262-->[com.google.firebase:firebase-messaging:23.4.1] AndroidManifest.xml:57:13-59:85
263                android:name="com.google.firebase.components:com.google.firebase.messaging.FirebaseMessagingKtxRegistrar"
263-->[com.google.firebase:firebase-messaging:23.4.1] AndroidManifest.xml:58:17-122
264                android:value="com.google.firebase.components.ComponentRegistrar" />
264-->[com.google.firebase:firebase-messaging:23.4.1] AndroidManifest.xml:59:17-82
265            <meta-data
265-->[com.google.firebase:firebase-messaging:23.4.1] AndroidManifest.xml:60:13-62:85
266                android:name="com.google.firebase.components:com.google.firebase.messaging.FirebaseMessagingRegistrar"
266-->[com.google.firebase:firebase-messaging:23.4.1] AndroidManifest.xml:61:17-119
267                android:value="com.google.firebase.components.ComponentRegistrar" />
267-->[com.google.firebase:firebase-messaging:23.4.1] AndroidManifest.xml:62:17-82
268            <meta-data
268-->[com.google.firebase:firebase-firestore:24.11.0] AndroidManifest.xml:17:13-19:85
269                android:name="com.google.firebase.components:com.google.firebase.firestore.FirebaseFirestoreKtxRegistrar"
269-->[com.google.firebase:firebase-firestore:24.11.0] AndroidManifest.xml:18:17-122
270                android:value="com.google.firebase.components.ComponentRegistrar" />
270-->[com.google.firebase:firebase-firestore:24.11.0] AndroidManifest.xml:19:17-82
271            <meta-data
271-->[com.google.firebase:firebase-firestore:24.11.0] AndroidManifest.xml:20:13-22:85
272                android:name="com.google.firebase.components:com.google.firebase.firestore.FirestoreRegistrar"
272-->[com.google.firebase:firebase-firestore:24.11.0] AndroidManifest.xml:21:17-111
273                android:value="com.google.firebase.components.ComponentRegistrar" />
273-->[com.google.firebase:firebase-firestore:24.11.0] AndroidManifest.xml:22:17-82
274            <meta-data
274-->[com.google.firebase:firebase-auth:22.3.1] AndroidManifest.xml:69:13-71:85
275                android:name="com.google.firebase.components:com.google.firebase.auth.FirebaseAuthRegistrar"
275-->[com.google.firebase:firebase-auth:22.3.1] AndroidManifest.xml:70:17-109
276                android:value="com.google.firebase.components.ComponentRegistrar" />
276-->[com.google.firebase:firebase-auth:22.3.1] AndroidManifest.xml:71:17-82
277            <meta-data
277-->[com.google.firebase:firebase-iid:21.1.0] AndroidManifest.xml:32:13-34:85
278                android:name="com.google.firebase.components:com.google.firebase.iid.Registrar"
278-->[com.google.firebase:firebase-iid:21.1.0] AndroidManifest.xml:33:17-96
279                android:value="com.google.firebase.components.ComponentRegistrar" />
279-->[com.google.firebase:firebase-iid:21.1.0] AndroidManifest.xml:34:17-82
280            <meta-data
280-->[com.google.android.gms:play-services-measurement-api:21.6.1] AndroidManifest.xml:37:13-39:85
281                android:name="com.google.firebase.components:com.google.firebase.analytics.connector.internal.AnalyticsConnectorRegistrar"
281-->[com.google.android.gms:play-services-measurement-api:21.6.1] AndroidManifest.xml:38:17-139
282                android:value="com.google.firebase.components.ComponentRegistrar" />
282-->[com.google.android.gms:play-services-measurement-api:21.6.1] AndroidManifest.xml:39:17-82
283            <meta-data
283-->[com.google.firebase:firebase-installations:17.2.0] AndroidManifest.xml:15:13-17:85
284                android:name="com.google.firebase.components:com.google.firebase.installations.FirebaseInstallationsKtxRegistrar"